d:\vsproject\lua\lua\release\vc140.pdb
d:\vsproject\lua\lua\release\lparser.obj
d:\vsproject\lua\lua\release\loslib.obj
d:\vsproject\lua\lua\release\lopcodes.obj
d:\vsproject\lua\lua\release\lobject.obj
d:\vsproject\lua\lua\release\loadlib.obj
d:\vsproject\lua\lua\release\lmem.obj
d:\vsproject\lua\lua\release\lmathlib.obj
d:\vsproject\lua\lua\release\llex.obj
d:\vsproject\lua\lua\release\liolib.obj
d:\vsproject\lua\lua\release\linit.obj
d:\vsproject\lua\lua\release\lgc.obj
d:\vsproject\lua\lua\release\lfunc.obj
d:\vsproject\lua\lua\release\ldump.obj
d:\vsproject\lua\lua\release\ldo.obj
d:\vsproject\lua\lua\release\ldebug.obj
d:\vsproject\lua\lua\release\ldblib.obj
d:\vsproject\lua\lua\release\lcode.obj
d:\vsproject\lua\lua\release\lbaselib.obj
d:\vsproject\lua\lua\release\lauxlib.obj
d:\vsproject\lua\lua\release\lapi.obj
d:\vsproject\lua\lua\release\print.obj
d:\vsproject\lua\lua\release\lzio.obj
d:\vsproject\lua\lua\release\lvm.obj
d:\vsproject\lua\lua\release\lundump.obj
d:\vsproject\lua\lua\release\ltm.obj
d:\vsproject\lua\lua\release\ltablib.obj
d:\vsproject\lua\lua\release\ltable.obj
d:\vsproject\lua\lua\release\lstrlib.obj
d:\vsproject\lua\lua\release\lstring.obj
d:\vsproject\lua\lua\release\lstate.obj
d:\vsproject\lua\lua\release\main.obj
d:\vsproject\lua\release\lua.exe
d:\vsproject\lua\release\lua.pdb
d:\vsproject\lua\lua\release\lua.tlog\cl.command.1.tlog
d:\vsproject\lua\lua\release\lua.tlog\cl.read.1.tlog
d:\vsproject\lua\lua\release\lua.tlog\cl.write.1.tlog
d:\vsproject\lua\lua\release\lua.tlog\link.command.1.tlog
d:\vsproject\lua\lua\release\lua.tlog\link.read.1.tlog
d:\vsproject\lua\lua\release\lua.tlog\link.write.1.tlog
